<?xml version="1.0" encoding="UTF-8"?>
<!-- Generated by org.testng.reporters.JUnitReportReporter -->
<testsuite hostname="ATLT1052" name="com.westpack.qa.testcases.HomePageTest" tests="1" failures="0" timestamp="11 Jul 2019 15:16:25 GMT" time="23.108" errors="0">
  <testcase name="Taxcalculation" time="23.108" classname="com.westpack.qa.testcases.HomePageTest"/>
</testsuite> <!-- com.westpack.qa.testcases.HomePageTest -->
